<?xml version="1.0" encoding="UTF-8"?>
<!-- Generated by org.testng.reporters.JUnitXMLReporter -->
<testsuite ignored="0" hostname="LAPTOP-6ROBNL6Q" failures="1" tests="5" name="Test2" time="45.197" errors="0" timestamp="2021-05-12T12:55:02 IST">
  <testcase classname="com.Pkg.ButtonFunctionality" name="CheckGetPositionOfButton" time="1.04"/>
  <testcase classname="com.Pkg.ButtonFunctionality" name="CheckHomeButton" time="1.546"/>
  <testcase classname="com.Pkg.ButtonFunctionality" name="CheckSizeOfButton" time="0.632"/>
  <testcase classname="com.Pkg.ButtonFunctionality" name="ClickOnButton" time="0.444"/>
  <testcase classname="com.Pkg.ButtonFunctionality" name="GetColorOfButton" time="0.498">
    <failure type="java.lang.AssertionError" message="expected [background-color:lightgreen] but found [background-color: lightgreen;]">
      <![CDATA[java.lang.AssertionError: expected [background-color:lightgreen] but found [background-color: lightgreen;]
at com.Pkg.ButtonFunctionality.GetColorOfButton(ButtonFunctionality.java:87)
at java.base/java.util.ArrayList.forEach(ArrayList.java:1511)
... Removed 33 stack frames]]>
    </failure>
  </testcase> <!-- GetColorOfButton -->
</testsuite> <!-- Test2 -->
