<?xml version="1.0" encoding="UTF-8" ?>
<testsuite tests="4" failures="1" name="TestSuite" time="41.547" errors="0" skipped="0">
  <properties>
[...]
</properties>
  <testcase classname="com.Pkg.FunctionalityTest" name="TestRegistrationForm" time="17.065"/>
  <testcase classname="com.Pkg.TestNGAnnotation" name="ClickOnEdit" time="1.327"/>
  <testcase classname="FunctionalityTest" name="TestRegistrationForm" time="22.103">
    <failure message="Cannot locate element with text: C
For documentation on this error, please visit: http://seleniumhq.org/exceptions/no_such_element.html
Build info: version: &apos;3.14.0&apos;, revision: &apos;aacccce0&apos;, time: &apos;2018-08-02T20:19:58.91Z&apos;
System info: host: &apos;LAPTOP-6ROBNL6Q&apos;, ip: &apos;192.168.206.206&apos;, os.name: &apos;Windows 10&apos;, os.arch: &apos;amd64&apos;, os.version: &apos;10.0&apos;, java.version: &apos;1.8.0_281&apos;
Driver info: driver.version: unknown" type="org.openqa.selenium.NoSuchElementException">org.openqa.selenium.NoSuchElementException: Cannot locate element with text: C
For documentation on this error, please visit: http://seleniumhq.org/exceptions/no_such_element.html
Build info: version: &apos;3.14.0&apos;, revision: &apos;aacccce0&apos;, time: &apos;2018-08-02T20:19:58.91Z&apos;
System info: host: &apos;LAPTOP-6ROBNL6Q&apos;, ip: &apos;192.168.206.206&apos;, os.name: &apos;Windows 10&apos;, os.arch: &apos;amd64&apos;, os.version: &apos;10.0&apos;, java.version: &apos;1.8.0_281&apos;
Driver info: driver.version: unknown
	at org.openqa.selenium.support.ui.Select.selectByVisibleText(Select.java:151)
	at FunctionalityTest.TestRegistrationForm(FunctionalityTest.java:87)
</failure>
    <system-err>Starting ChromeDriver 90.0.4430.24 (4c6d850f087da467d926e8eddb76550aed655991-refs/branch-heads/4430@{#429}) on port 3249
Only local connections are allowed.
Please see https://chromedriver.chromium.org/security-considerations for suggestions on keeping ChromeDriver safe.
ChromeDriver was started successfully.
May 24, 2021 10:27:05 AM org.openqa.selenium.remote.ProtocolHandshake createSession
INFO: Detected dialect: W3C
</system-err>
  </testcase>
  <testcase classname="TestNGAnnotation" name="ClickOnEdit" time="1.052"/>
</testsuite>