<?xml version="1.0" encoding="UTF-8"?>
<testng-results skipped="0" failed="1" ignored="0" total="4" passed="3">
  <reporter-output>
  </reporter-output>
  <suite name="Command line suite" duration-ms="162684" started-at="2021-05-24T04:55:15Z" finished-at="2021-05-24T04:57:57Z">
    <groups>
    </groups>
    <test name="Command line test" duration-ms="162684" started-at="2021-05-24T04:55:15Z" finished-at="2021-05-24T04:57:57Z">
      <class name="FunctionalityTest">
        <test-method status="PASS" signature="setup()[pri:0, instance:FunctionalityTest@3d8c7aca]" name="setup" is-config="true" duration-ms="23998" started-at="2021-05-24T10:26:56Z" finished-at="2021-05-24T10:27:20Z">
          <reporter-output>
          </reporter-output>
        </test-method> <!-- setup -->
        <test-method status="FAIL" signature="TestRegistrationForm()[pri:0, instance:FunctionalityTest@3d8c7aca]" name="TestRegistrationForm" duration-ms="21916" started-at="2021-05-24T10:27:20Z" finished-at="2021-05-24T10:27:42Z">
          <exception class="org.openqa.selenium.NoSuchElementException">
            <message>
              <![CDATA[Cannot locate element with text: C
For documentation on this error, please visit: http://seleniumhq.org/exceptions/no_such_element.html
Build info: version: '3.14.0', revision: 'aacccce0', time: '2018-08-02T20:19:58.91Z'
System info: host: 'LAPTOP-6ROBNL6Q', ip: '192.168.206.206', os.name: 'Windows 10', os.arch: 'amd64', os.version: '10.0', java.version: '1.8.0_281'
Driver info: driver.version: unknown]]>
            </message>
            <full-stacktrace>
              <![CDATA[org.openqa.selenium.NoSuchElementException: Cannot locate element with text: C
For documentation on this error, please visit: http://seleniumhq.org/exceptions/no_such_element.html
Build info: version: '3.14.0', revision: 'aacccce0', time: '2018-08-02T20:19:58.91Z'
System info: host: 'LAPTOP-6ROBNL6Q', ip: '192.168.206.206', os.name: 'Windows 10', os.arch: 'amd64', os.version: '10.0', java.version: '1.8.0_281'
Driver info: driver.version: unknown
	at org.openqa.selenium.support.ui.Select.selectByVisibleText(Select.java:151)
	at FunctionalityTest.TestRegistrationForm(FunctionalityTest.java:87)
	at sun.reflect.NativeMethodAccessorImpl.invoke0(Native Method)
	at sun.reflect.NativeMethodAccessorImpl.invoke(NativeMethodAccessorImpl.java:62)
	at sun.reflect.DelegatingMethodAccessorImpl.invoke(DelegatingMethodAccessorImpl.java:43)
	at java.lang.reflect.Method.invoke(Method.java:498)
	at org.testng.internal.MethodInvocationHelper.invokeMethod(MethodInvocationHelper.java:108)
	at org.testng.internal.Invoker.invokeMethod(Invoker.java:661)
	at org.testng.internal.Invoker.invokeTestMethod(Invoker.java:869)
	at org.testng.internal.Invoker.invokeTestMethods(Invoker.java:1193)
	at org.testng.internal.TestMethodWorker.invokeTestMethods(TestMethodWorker.java:126)
	at org.testng.internal.TestMethodWorker.run(TestMethodWorker.java:109)
	at org.testng.TestRunner.privateRun(TestRunner.java:744)
	at org.testng.TestRunner.run(TestRunner.java:602)
	at org.testng.SuiteRunner.runTest(SuiteRunner.java:380)
	at org.testng.SuiteRunner.runSequentially(SuiteRunner.java:375)
	at org.testng.SuiteRunner.privateRun(SuiteRunner.java:340)
	at org.testng.SuiteRunner.run(SuiteRunner.java:289)
	at org.testng.SuiteRunnerWorker.runSuite(SuiteRunnerWorker.java:52)
	at org.testng.SuiteRunnerWorker.run(SuiteRunnerWorker.java:86)
	at org.testng.TestNG.runSuitesSequentially(TestNG.java:1301)
	at org.testng.TestNG.runSuitesLocally(TestNG.java:1226)
	at org.testng.TestNG.runSuites(TestNG.java:1144)
	at org.testng.TestNG.run(TestNG.java:1115)
	at org.apache.maven.surefire.testng.TestNGExecutor.run(TestNGExecutor.java:77)
	at org.apache.maven.surefire.testng.TestNGDirectoryTestSuite.executeMulti(TestNGDirectoryTestSuite.java:159)
	at org.apache.maven.surefire.testng.TestNGDirectoryTestSuite.execute(TestNGDirectoryTestSuite.java:99)
	at org.apache.maven.surefire.testng.TestNGProvider.invoke(TestNGProvider.java:106)
	at sun.reflect.NativeMethodAccessorImpl.invoke0(Native Method)
	at sun.reflect.NativeMethodAccessorImpl.invoke(NativeMethodAccessorImpl.java:62)
	at sun.reflect.DelegatingMethodAccessorImpl.invoke(DelegatingMethodAccessorImpl.java:43)
	at java.lang.reflect.Method.invoke(Method.java:498)
	at org.apache.maven.surefire.util.ReflectionUtils.invokeMethodWithArray(ReflectionUtils.java:189)
	at org.apache.maven.surefire.booter.ProviderFactory$ProviderProxy.invoke(ProviderFactory.java:165)
	at org.apache.maven.surefire.booter.ProviderFactory.invokeProvider(ProviderFactory.java:85)
	at org.apache.maven.surefire.booter.ForkedBooter.runSuitesInProcess(ForkedBooter.java:115)
	at org.apache.maven.surefire.booter.ForkedBooter.main(ForkedBooter.java:75)
]]>
            </full-stacktrace>
          </exception> <!-- org.openqa.selenium.NoSuchElementException -->
          <reporter-output>
          </reporter-output>
        </test-method> <!-- TestRegistrationForm -->
        <test-method status="PASS" signature="TearDown()[pri:0, instance:FunctionalityTest@3d8c7aca]" name="TearDown" is-config="true" duration-ms="790" started-at="2021-05-24T10:27:42Z" finished-at="2021-05-24T10:27:43Z">
          <reporter-output>
          </reporter-output>
        </test-method> <!-- TearDown -->
      </class> <!-- FunctionalityTest -->
      <class name="TestNGAnnotation">
        <test-method status="PASS" signature="setup()[pri:0, instance:TestNGAnnotation@5ebec15]" name="setup" is-config="true" duration-ms="13185" started-at="2021-05-24T10:27:43Z" finished-at="2021-05-24T10:27:56Z">
          <reporter-output>
          </reporter-output>
        </test-method> <!-- setup -->
        <test-method status="PASS" signature="ClickOnEdit()[pri:0, instance:TestNGAnnotation@5ebec15]" name="ClickOnEdit" duration-ms="1051" started-at="2021-05-24T10:27:56Z" finished-at="2021-05-24T10:27:57Z">
          <reporter-output>
          </reporter-output>
        </test-method> <!-- ClickOnEdit -->
        <test-method status="PASS" signature="TearDown()[pri:0, instance:TestNGAnnotation@5ebec15]" name="TearDown" is-config="true" duration-ms="518" started-at="2021-05-24T10:27:57Z" finished-at="2021-05-24T10:27:57Z">
          <reporter-output>
          </reporter-output>
        </test-method> <!-- TearDown -->
      </class> <!-- TestNGAnnotation -->
      <class name="com.Pkg.TestNGAnnotation">
        <test-method status="PASS" signature="setup()[pri:0, instance:com.Pkg.TestNGAnnotation@1a407d53]" name="setup" is-config="true" duration-ms="17585" started-at="2021-05-24T10:26:36Z" finished-at="2021-05-24T10:26:54Z">
          <reporter-output>
          </reporter-output>
        </test-method> <!-- setup -->
        <test-method status="PASS" signature="ClickOnEdit()[pri:0, instance:com.Pkg.TestNGAnnotation@1a407d53]" name="ClickOnEdit" duration-ms="1325" started-at="2021-05-24T10:26:54Z" finished-at="2021-05-24T10:26:55Z">
          <reporter-output>
          </reporter-output>
        </test-method> <!-- ClickOnEdit -->
        <test-method status="PASS" signature="TearDown()[pri:0, instance:com.Pkg.TestNGAnnotation@1a407d53]" name="TearDown" is-config="true" duration-ms="345" started-at="2021-05-24T10:26:55Z" finished-at="2021-05-24T10:26:56Z">
          <reporter-output>
          </reporter-output>
        </test-method> <!-- TearDown -->
      </class> <!-- com.Pkg.TestNGAnnotation -->
      <class name="com.Pkg.FunctionalityTest">
        <test-method status="PASS" signature="setup()[pri:0, instance:com.Pkg.FunctionalityTest@3498ed]" name="setup" is-config="true" duration-ms="63681" started-at="2021-05-24T10:25:15Z" finished-at="2021-05-24T10:26:18Z">
          <reporter-output>
          </reporter-output>
        </test-method> <!-- setup -->
        <test-method status="PASS" signature="TestRegistrationForm()[pri:0, instance:com.Pkg.FunctionalityTest@3498ed]" name="TestRegistrationForm" duration-ms="17057" started-at="2021-05-24T10:26:18Z" finished-at="2021-05-24T10:26:36Z">
          <reporter-output>
          </reporter-output>
        </test-method> <!-- TestRegistrationForm -->
        <test-method status="PASS" signature="TearDown()[pri:0, instance:com.Pkg.FunctionalityTest@3498ed]" name="TearDown" is-config="true" duration-ms="868" started-at="2021-05-24T10:26:36Z" finished-at="2021-05-24T10:26:36Z">
          <reporter-output>
          </reporter-output>
        </test-method> <!-- TearDown -->
      </class> <!-- com.Pkg.FunctionalityTest -->
    </test> <!-- Command line test -->
  </suite> <!-- Command line suite -->
</testng-results>
