<?xml version="1.0" encoding="UTF-8"?>
<testng-results ignored="0" total="1" passed="1" failed="0" skipped="0">
  <reporter-output>
  </reporter-output>
  <suite started-at="2021-05-24T09:24:54 IST" name="Default suite" finished-at="2021-05-24T09:25:58 IST" duration-ms="63712">
    <groups>
    </groups>
    <test started-at="2021-05-24T09:24:54 IST" name="Default test" finished-at="2021-05-24T09:25:58 IST" duration-ms="63712">
      <class name="com.Pkg.ConfigPropAndCookieshandling">
        <test-method signature="PropAndCookies()[pri:0, instance:com.Pkg.ConfigPropAndCookieshandling@4f67eb2a]" started-at="2021-05-24T09:24:54 IST" name="PropAndCookies" finished-at="2021-05-24T09:25:58 IST" duration-ms="63664" status="PASS">
          <reporter-output>
          </reporter-output>
        </test-method> <!-- PropAndCookies -->
      </class> <!-- com.Pkg.ConfigPropAndCookieshandling -->
    </test> <!-- Default test -->
  </suite> <!-- Default suite -->
</testng-results>
